Thu Jan 29 13:01:08 CST 2015  [debug] AvalonLogSystem initialized using logfile 'E:\GitHubSpace\javastudy\.metadata\.plugins\com.genuitec.eclipse.templates\velocity.log'
Thu Jan 29 13:01:08 CST 2015   [info] ************************************************************** 
Thu Jan 29 13:01:08 CST 2015   [info] Starting Jakarta Velocity v1.4
Thu Jan 29 13:01:08 CST 2015   [info] RuntimeInstance initializing.
Thu Jan 29 13:01:08 CST 2015   [info] Default Properties File: org\apache\velocity\runtime\defaults\velocity.properties
Thu Jan 29 13:01:08 CST 2015   [info] Trying to use logger class org.apache.velocity.runtime.log.AvalonLogSystem
Thu Jan 29 13:01:08 CST 2015   [info] Using logger class org.apache.velocity.runtime.log.AvalonLogSystem
Thu Jan 29 13:01:08 CST 2015   [info] Default ResourceManager initializing. (class org.apache.velocity.runtime.resource.ResourceManagerImpl)
Thu Jan 29 13:01:08 CST 2015   [info] Resource Loader Instantiated: com.genuitec.eclipse.templates.internal.PluginResourceLoader
Thu Jan 29 13:01:08 CST 2015   [info] ResourceCache : initialized. (class org.apache.velocity.runtime.resource.ResourceCacheImpl)
Thu Jan 29 13:01:08 CST 2015   [info] Default ResourceManager initialization complete.
Thu Jan 29 13:01:08 CST 2015   [info] Loaded System Directive: org.apache.velocity.runtime.directive.Literal
Thu Jan 29 13:01:08 CST 2015   [info] Loaded System Directive: org.apache.velocity.runtime.directive.Macro
Thu Jan 29 13:01:08 CST 2015   [info] Loaded System Directive: org.apache.velocity.runtime.directive.Parse
Thu Jan 29 13:01:08 CST 2015   [info] Loaded System Directive: org.apache.velocity.runtime.directive.Include
Thu Jan 29 13:01:08 CST 2015   [info] Loaded System Directive: org.apache.velocity.runtime.directive.Foreach
Thu Jan 29 13:01:08 CST 2015   [info] Created: 20 parsers.
Thu Jan 29 13:01:08 CST 2015   [info] Velocimacro : initialization starting.
Thu Jan 29 13:01:08 CST 2015   [info] Velocimacro : adding VMs from VM library template : VM_global_library.vm
Thu Jan 29 13:01:08 CST 2015   [info] ResourceManager : found VM_global_library.vm with loader com.genuitec.eclipse.templates.internal.PluginResourceLoader
Thu Jan 29 13:01:08 CST 2015   [info] Velocimacro :  VM library template macro registration complete.
Thu Jan 29 13:01:08 CST 2015   [info] Velocimacro : allowInline = true : VMs can be defined inline in templates
Thu Jan 29 13:01:08 CST 2015   [info] Velocimacro : allowInlineToOverride = true : VMs defined inline may replace previous VM definitions
Thu Jan 29 13:01:08 CST 2015   [info] Velocimacro : allowInlineLocal = true : VMs defined inline will be local to their defining template only.
Thu Jan 29 13:01:08 CST 2015   [info] Velocimacro : messages on  : VM system will output logging messages
Thu Jan 29 13:01:08 CST 2015   [info] Velocimacro : autoload off  : VM system will not automatically reload global library macros
Thu Jan 29 13:01:08 CST 2015   [info] Velocimacro : initialization complete.
Thu Jan 29 13:01:08 CST 2015   [info] Velocity successfully started.
Thu Jan 29 13:01:08 CST 2015   [info] ResourceManager : found templates/xml/Xml.vtl with loader com.genuitec.eclipse.templates.internal.PluginResourceLoader
